2016/11/14 07:01:54 [error] [exception.CException] CException: Alias "application.extensions.mbmenu.MbMenu" is invalid. Make sure it points to an existing PHP file and the file is readable. in /opt/lampp/htdocs/testcrud/framework/YiiBase.php:323
Stack trace:
#0 /opt/lampp/htdocs/testcrud/framework/web/CWidgetFactory.php(146): YiiBase::import('application.ext...', true)
#1 /opt/lampp/htdocs/testcrud/framework/web/CBaseController.php(146): CWidgetFactory->createWidget(Object(SiteController), 'application.ext...', Array)
#2 /opt/lampp/htdocs/testcrud/framework/web/CBaseController.php(180): CBaseController->createWidget('application.ext...', Array)
#3 /opt/lampp/htdocs/testcrud/protected/views/layouts/main.php(34): CBaseController->widget('application.ext...', Array)
#4 /opt/lampp/htdocs/testcrud/framework/web/CBaseController.php(126): require('/opt/lampp/htdo...')
#5 /opt/lampp/htdocs/testcrud/framework/web/CBaseController.php(95): CBaseController->renderInternal('/opt/lampp/htdo...', Array, true)
#6 /opt/lampp/htdocs/testcrud/framework/web/widgets/CContentDecorator.php(76): CBaseController->renderFile('/opt/lampp/htdo...', Array, true)
#7 /opt/lampp/htdocs/testcrud/framework/web/widgets/CContentDecorator.php(54): CContentDecorator->decorate('<div id="conten...')
#8 /opt/lampp/htdocs/testcrud/framework/web/widgets/COutputProcessor.php(44): CContentDecorator->processOutput('<div id="conten...')
#9 /opt/lampp/htdocs/testcrud/framework/web/CBaseController.php(214): COutputProcessor->run()
#10 /opt/lampp/htdocs/testcrud/framework/web/CBaseController.php(308): CBaseController->endWidget('CContentDecorat...')
#11 /opt/lampp/htdocs/testcrud/protected/views/layouts/column1.php(6): CBaseController->endContent()
#12 /opt/lampp/htdocs/testcrud/framework/web/CBaseController.php(126): require('/opt/lampp/htdo...')
#13 /opt/lampp/htdocs/testcrud/framework/web/CBaseController.php(95): CBaseController->renderInternal('/opt/lampp/htdo...', Array, true)
#14 /opt/lampp/htdocs/testcrud/framework/web/CController.php(784): CBaseController->renderFile('/opt/lampp/htdo...', Array, true)
#15 /opt/lampp/htdocs/testcrud/protected/controllers/SiteController.php(98): CController->render('login', Array)
#16 /opt/lampp/htdocs/testcrud/framework/web/actions/CInlineAction.php(49): SiteController->actionLogin()
#17 /opt/lampp/htdocs/testcrud/framework/web/CController.php(308): CInlineAction->runWithParams(Array)
#18 /opt/lampp/htdocs/testcrud/framework/web/CController.php(286): CController->runAction(Object(CInlineAction))
#19 /opt/lampp/htdocs/testcrud/framework/web/CController.php(265): CController->runActionWithFilters(Object(CInlineAction), Array)
#20 /opt/lampp/htdocs/testcrud/framework/web/CWebApplication.php(282): CController->run('login')
#21 /opt/lampp/htdocs/testcrud/framework/web/CWebApplication.php(141): CWebApplication->runController('site/login')
#22 /opt/lampp/htdocs/testcrud/framework/base/CApplication.php(185): CWebApplication->processRequest()
#23 /opt/lampp/htdocs/testcrud/index.php(13): CApplication->run()
#24 {main}
REQUEST_URI=/testcrud/index.php?r=site/login
---
2016/11/14 07:16:49 [error] [system.db.CDbCommand] CDbCommand::execute() failed: SQLSTATE[23000]: Integrity constraint violation: 1452 Cannot add or update a child row: a foreign key constraint fails (`db_akademik`.`tbl_nilai`, CONSTRAINT `tbl_nilai_ibfk_2` FOREIGN KEY (`Nip`) REFERENCES `tbl_dosen` (`Nip`)). The SQL statement executed was: INSERT INTO `tbl_nilai` (`Nim`, `Nip`, `No_Mk`, `Tgl_Ujian`, `Jenis_Ujian`, `Ruangan`, `Nilai`) VALUES (:yp0, :yp1, :yp2, :yp3, :yp4, :yp5, :yp6).
in /opt/lampp/htdocs/testcrud/protected/controllers/NilaiController.php (65)
in /opt/lampp/htdocs/testcrud/index.php (13)
2016/11/14 07:16:49 [error] [exception.CDbException] CDbException: CDbCommand failed to execute the SQL statement: SQLSTATE[23000]: Integrity constraint violation: 1452 Cannot add or update a child row: a foreign key constraint fails (`db_akademik`.`tbl_nilai`, CONSTRAINT `tbl_nilai_ibfk_2` FOREIGN KEY (`Nip`) REFERENCES `tbl_dosen` (`Nip`)). The SQL statement executed was: INSERT INTO `tbl_nilai` (`Nim`, `Nip`, `No_Mk`, `Tgl_Ujian`, `Jenis_Ujian`, `Ruangan`, `Nilai`) VALUES (:yp0, :yp1, :yp2, :yp3, :yp4, :yp5, :yp6) in /opt/lampp/htdocs/testcrud/framework/db/CDbCommand.php:358
Stack trace:
#0 /opt/lampp/htdocs/testcrud/framework/db/ar/CActiveRecord.php(1080): CDbCommand->execute()
#1 /opt/lampp/htdocs/testcrud/framework/db/ar/CActiveRecord.php(809): CActiveRecord->insert(NULL)
#2 /opt/lampp/htdocs/testcrud/protected/controllers/NilaiController.php(65): CActiveRecord->save()
#3 /opt/lampp/htdocs/testcrud/framework/web/actions/CInlineAction.php(49): NilaiController->actionCreate()
#4 /opt/lampp/htdocs/testcrud/framework/web/CController.php(308): CInlineAction->runWithParams(Array)
#5 /opt/lampp/htdocs/testcrud/framework/web/filters/CFilterChain.php(133): CController->runAction(Object(CInlineAction))
#6 /opt/lampp/htdocs/testcrud/framework/web/filters/CFilter.php(40): CFilterChain->run()
#7 /opt/lampp/htdocs/testcrud/framework/web/CController.php(1145): CFilter->filter(Object(CFilterChain))
#8 /opt/lampp/htdocs/testcrud/framework/web/filters/CInlineFilter.php(58): CController->filterAccessControl(Object(CFilterChain))
#9 /opt/lampp/htdocs/testcrud/framework/web/filters/CFilterChain.php(130): CInlineFilter->filter(Object(CFilterChain))
#10 /opt/lampp/htdocs/testcrud/framework/web/CController.php(291): CFilterChain->run()
#11 /opt/lampp/htdocs/testcrud/framework/web/CController.php(265): CController->runActionWithFilters(Object(CInlineAction), Array)
#12 /opt/lampp/htdocs/testcrud/framework/web/CWebApplication.php(282): CController->run('create')
#13 /opt/lampp/htdocs/testcrud/framework/web/CWebApplication.php(141): CWebApplication->runController('nilai/create')
#14 /opt/lampp/htdocs/testcrud/framework/base/CApplication.php(185): CWebApplication->processRequest()
#15 /opt/lampp/htdocs/testcrud/index.php(13): CApplication->run()
#16 {main}
REQUEST_URI=/testcrud/index.php?r=nilai/create
HTTP_REFERER=http://localhost/testcrud/index.php?r=nilai/create
---
2016/11/14 07:17:17 [error] [system.db.CDbCommand] CDbCommand::execute() failed: SQLSTATE[23000]: Integrity constraint violation: 1452 Cannot add or update a child row: a foreign key constraint fails (`db_akademik`.`tbl_nilai`, CONSTRAINT `tbl_nilai_ibfk_2` FOREIGN KEY (`Nip`) REFERENCES `tbl_dosen` (`Nip`)). The SQL statement executed was: INSERT INTO `tbl_nilai` (`Nim`, `Nip`, `No_Mk`, `Tgl_Ujian`, `Jenis_Ujian`, `Ruangan`, `Nilai`) VALUES (:yp0, :yp1, :yp2, :yp3, :yp4, :yp5, :yp6).
in /opt/lampp/htdocs/testcrud/protected/controllers/NilaiController.php (65)
in /opt/lampp/htdocs/testcrud/index.php (13)
2016/11/14 07:17:17 [error] [exception.CDbException] CDbException: CDbCommand failed to execute the SQL statement: SQLSTATE[23000]: Integrity constraint violation: 1452 Cannot add or update a child row: a foreign key constraint fails (`db_akademik`.`tbl_nilai`, CONSTRAINT `tbl_nilai_ibfk_2` FOREIGN KEY (`Nip`) REFERENCES `tbl_dosen` (`Nip`)). The SQL statement executed was: INSERT INTO `tbl_nilai` (`Nim`, `Nip`, `No_Mk`, `Tgl_Ujian`, `Jenis_Ujian`, `Ruangan`, `Nilai`) VALUES (:yp0, :yp1, :yp2, :yp3, :yp4, :yp5, :yp6) in /opt/lampp/htdocs/testcrud/framework/db/CDbCommand.php:358
Stack trace:
#0 /opt/lampp/htdocs/testcrud/framework/db/ar/CActiveRecord.php(1080): CDbCommand->execute()
#1 /opt/lampp/htdocs/testcrud/framework/db/ar/CActiveRecord.php(809): CActiveRecord->insert(NULL)
#2 /opt/lampp/htdocs/testcrud/protected/controllers/NilaiController.php(65): CActiveRecord->save()
#3 /opt/lampp/htdocs/testcrud/framework/web/actions/CInlineAction.php(49): NilaiController->actionCreate()
#4 /opt/lampp/htdocs/testcrud/framework/web/CController.php(308): CInlineAction->runWithParams(Array)
#5 /opt/lampp/htdocs/testcrud/framework/web/filters/CFilterChain.php(133): CController->runAction(Object(CInlineAction))
#6 /opt/lampp/htdocs/testcrud/framework/web/filters/CFilter.php(40): CFilterChain->run()
#7 /opt/lampp/htdocs/testcrud/framework/web/CController.php(1145): CFilter->filter(Object(CFilterChain))
#8 /opt/lampp/htdocs/testcrud/framework/web/filters/CInlineFilter.php(58): CController->filterAccessControl(Object(CFilterChain))
#9 /opt/lampp/htdocs/testcrud/framework/web/filters/CFilterChain.php(130): CInlineFilter->filter(Object(CFilterChain))
#10 /opt/lampp/htdocs/testcrud/framework/web/CController.php(291): CFilterChain->run()
#11 /opt/lampp/htdocs/testcrud/framework/web/CController.php(265): CController->runActionWithFilters(Object(CInlineAction), Array)
#12 /opt/lampp/htdocs/testcrud/framework/web/CWebApplication.php(282): CController->run('create')
#13 /opt/lampp/htdocs/testcrud/framework/web/CWebApplication.php(141): CWebApplication->runController('nilai/create')
#14 /opt/lampp/htdocs/testcrud/framework/base/CApplication.php(185): CWebApplication->processRequest()
#15 /opt/lampp/htdocs/testcrud/index.php(13): CApplication->run()
#16 {main}
REQUEST_URI=/testcrud/index.php?r=nilai/create
HTTP_REFERER=http://localhost/testcrud/index.php?r=nilai/create
---
2016/11/14 07:21:38 [error] [system.db.CDbCommand] CDbCommand::execute() failed: SQLSTATE[23000]: Integrity constraint violation: 1452 Cannot add or update a child row: a foreign key constraint fails (`db_akademik`.`tbl_nilai`, CONSTRAINT `tbl_nilai_ibfk_2` FOREIGN KEY (`Nip`) REFERENCES `tbl_dosen` (`Nip`)). The SQL statement executed was: INSERT INTO `tbl_nilai` (`Nim`, `Nip`, `No_Mk`, `Tgl_Ujian`, `Jenis_Ujian`, `Ruangan`, `Nilai`) VALUES (:yp0, :yp1, :yp2, :yp3, :yp4, :yp5, :yp6).
in /opt/lampp/htdocs/testcrud/protected/controllers/NilaiController.php (65)
in /opt/lampp/htdocs/testcrud/index.php (13)
2016/11/14 07:21:38 [error] [exception.CDbException] CDbException: CDbCommand failed to execute the SQL statement: SQLSTATE[23000]: Integrity constraint violation: 1452 Cannot add or update a child row: a foreign key constraint fails (`db_akademik`.`tbl_nilai`, CONSTRAINT `tbl_nilai_ibfk_2` FOREIGN KEY (`Nip`) REFERENCES `tbl_dosen` (`Nip`)). The SQL statement executed was: INSERT INTO `tbl_nilai` (`Nim`, `Nip`, `No_Mk`, `Tgl_Ujian`, `Jenis_Ujian`, `Ruangan`, `Nilai`) VALUES (:yp0, :yp1, :yp2, :yp3, :yp4, :yp5, :yp6) in /opt/lampp/htdocs/testcrud/framework/db/CDbCommand.php:358
Stack trace:
#0 /opt/lampp/htdocs/testcrud/framework/db/ar/CActiveRecord.php(1080): CDbCommand->execute()
#1 /opt/lampp/htdocs/testcrud/framework/db/ar/CActiveRecord.php(809): CActiveRecord->insert(NULL)
#2 /opt/lampp/htdocs/testcrud/protected/controllers/NilaiController.php(65): CActiveRecord->save()
#3 /opt/lampp/htdocs/testcrud/framework/web/actions/CInlineAction.php(49): NilaiController->actionCreate()
#4 /opt/lampp/htdocs/testcrud/framework/web/CController.php(308): CInlineAction->runWithParams(Array)
#5 /opt/lampp/htdocs/testcrud/framework/web/filters/CFilterChain.php(133): CController->runAction(Object(CInlineAction))
#6 /opt/lampp/htdocs/testcrud/framework/web/filters/CFilter.php(40): CFilterChain->run()
#7 /opt/lampp/htdocs/testcrud/framework/web/CController.php(1145): CFilter->filter(Object(CFilterChain))
#8 /opt/lampp/htdocs/testcrud/framework/web/filters/CInlineFilter.php(58): CController->filterAccessControl(Object(CFilterChain))
#9 /opt/lampp/htdocs/testcrud/framework/web/filters/CFilterChain.php(130): CInlineFilter->filter(Object(CFilterChain))
#10 /opt/lampp/htdocs/testcrud/framework/web/CController.php(291): CFilterChain->run()
#11 /opt/lampp/htdocs/testcrud/framework/web/CController.php(265): CController->runActionWithFilters(Object(CInlineAction), Array)
#12 /opt/lampp/htdocs/testcrud/framework/web/CWebApplication.php(282): CController->run('create')
#13 /opt/lampp/htdocs/testcrud/framework/web/CWebApplication.php(141): CWebApplication->runController('nilai/create')
#14 /opt/lampp/htdocs/testcrud/framework/base/CApplication.php(185): CWebApplication->processRequest()
#15 /opt/lampp/htdocs/testcrud/index.php(13): CApplication->run()
#16 {main}
REQUEST_URI=/testcrud/index.php?r=nilai/create
HTTP_REFERER=http://localhost/testcrud/index.php?r=nilai/create
---
2016/11/14 07:32:47 [error] [exception.ParseError] ParseError: syntax error, unexpected 'array' (T_ARRAY), expecting ')' in /opt/lampp/htdocs/testcrud/protected/models/Mahasiswa.php:38
Stack trace:
#0 [internal function]: YiiBase::autoload('Mahasiswa')
#1 /opt/lampp/htdocs/testcrud/protected/controllers/MahasiswaController.php(57): spl_autoload_call('Mahasiswa')
#2 /opt/lampp/htdocs/testcrud/framework/web/actions/CInlineAction.php(49): MahasiswaController->actionCreate()
#3 /opt/lampp/htdocs/testcrud/framework/web/CController.php(308): CInlineAction->runWithParams(Array)
#4 /opt/lampp/htdocs/testcrud/framework/web/filters/CFilterChain.php(133): CController->runAction(Object(CInlineAction))
#5 /opt/lampp/htdocs/testcrud/framework/web/filters/CFilter.php(40): CFilterChain->run()
#6 /opt/lampp/htdocs/testcrud/framework/web/CController.php(1145): CFilter->filter(Object(CFilterChain))
#7 /opt/lampp/htdocs/testcrud/framework/web/filters/CInlineFilter.php(58): CController->filterAccessControl(Object(CFilterChain))
#8 /opt/lampp/htdocs/testcrud/framework/web/filters/CFilterChain.php(130): CInlineFilter->filter(Object(CFilterChain))
#9 /opt/lampp/htdocs/testcrud/framework/web/CController.php(291): CFilterChain->run()
#10 /opt/lampp/htdocs/testcrud/framework/web/CController.php(265): CController->runActionWithFilters(Object(CInlineAction), Array)
#11 /opt/lampp/htdocs/testcrud/framework/web/CWebApplication.php(282): CController->run('create')
#12 /opt/lampp/htdocs/testcrud/framework/web/CWebApplication.php(141): CWebApplication->runController('mahasiswa/creat...')
#13 /opt/lampp/htdocs/testcrud/framework/base/CApplication.php(185): CWebApplication->processRequest()
#14 /opt/lampp/htdocs/testcrud/index.php(13): CApplication->run()
#15 {main}
REQUEST_URI=/testcrud/index.php?r=mahasiswa/create
HTTP_REFERER=http://localhost/testcrud/index.php?r=mahasiswa/admin
---
2016/11/14 09:34:55 [error] [exception.CException] CException: Property "LoginForm.Nim" is not defined. in /opt/lampp/htdocs/testcrud/framework/base/CComponent.php:130
Stack trace:
#0 /opt/lampp/htdocs/testcrud/protected/controllers/SiteController.php(95): CComponent->__get('Nim')
#1 /opt/lampp/htdocs/testcrud/framework/web/actions/CInlineAction.php(49): SiteController->actionLogin()
#2 /opt/lampp/htdocs/testcrud/framework/web/CController.php(308): CInlineAction->runWithParams(Array)
#3 /opt/lampp/htdocs/testcrud/framework/web/CController.php(286): CController->runAction(Object(CInlineAction))
#4 /opt/lampp/htdocs/testcrud/framework/web/CController.php(265): CController->runActionWithFilters(Object(CInlineAction), Array)
#5 /opt/lampp/htdocs/testcrud/framework/web/CWebApplication.php(282): CController->run('login')
#6 /opt/lampp/htdocs/testcrud/framework/web/CWebApplication.php(141): CWebApplication->runController('site/login')
#7 /opt/lampp/htdocs/testcrud/framework/base/CApplication.php(185): CWebApplication->processRequest()
#8 /opt/lampp/htdocs/testcrud/index.php(13): CApplication->run()
#9 {main}
REQUEST_URI=/testcrud/index.php?r=site/login
HTTP_REFERER=http://localhost/testcrud/index.php?r=site/login
---
2016/11/14 09:51:42 [error] [exception.CHttpException.404] CHttpException: The system is unable to find the requested action "about". in /opt/lampp/htdocs/testcrud/framework/web/CController.php:483
Stack trace:
#0 /opt/lampp/htdocs/testcrud/framework/web/CController.php(270): CController->missingAction('about')
#1 /opt/lampp/htdocs/testcrud/framework/web/CWebApplication.php(282): CController->run('about')
#2 /opt/lampp/htdocs/testcrud/framework/web/CWebApplication.php(141): CWebApplication->runController('site/about')
#3 /opt/lampp/htdocs/testcrud/framework/base/CApplication.php(185): CWebApplication->processRequest()
#4 /opt/lampp/htdocs/testcrud/index.php(13): CApplication->run()
#5 {main}
REQUEST_URI=/testcrud/index.php?r=site/about
HTTP_REFERER=http://localhost/testcrud/index.php?r=site/login
---
